<?xml version="1.0" encoding="utf-8"?>
<coverage line-rate="0" branch-rate="1" version="1.9" timestamp="1760029228" lines-covered="0" lines-valid="2" branches-covered="0" branches-valid="0">
  <sources>
    <source>C:\</source>
  </sources>
  <packages>
    <package name="MyApp" line-rate="0" branch-rate="1" complexity="2">
      <classes>
        <class name="MyApp.Calculator" filename="Users\donal\OneDrive\Documents\GitHub\c_sharp_playwright\MyApp\Class1.cs" line-rate="0" branch-rate="1" complexity="2">
          <methods>
            <method name="Add" signature="(System.Int32,System.Int32)" line-rate="0" branch-rate="1" complexity="1">
              <lines>
                <line number="5" hits="0" branch="False" />
              </lines>
            </method>
            <method name="Multiply" signature="(System.Int32,System.Int32)" line-rate="0" branch-rate="1" complexity="1">
              <lines>
                <line number="6" hits="0" branch="False" />
              </lines>
            </method>
          </methods>
          <lines>
            <line number="5" hits="0" branch="False" />
            <line number="6" hits="0" branch="False" />
          </lines>
        </class>
      </classes>
    </package>
  </packages>
</coverage>